********************************************************************************
DUPLICATOR-LITE PACKAGE-LOG: 07.12.2021 10:55
NOTICE: Do NOT post to public sites or forums 
********************************************************************************
VERSION:	1.4.3
WORDPRESS:	5.8.2
PHP INFO:	7.3.29 | SAPI: apache2handler
SERVER:		Apache 
PHP TIME LIMIT: (0) no time limit imposed 
PHP MAX MEMORY: 4294967296 (1536M default) 
MEMORY STACK: 6MB

********************************************************************************
DATABASE:
********************************************************************************
BUILD MODE:   MYSQLDUMP
MYSQLTIMEOUT: 5000
MYSQLDUMP:    Is Supported
SQL CREATED: 20211206_blackshipreality_3acd4417538895654467_20211207105528_database.sql
SQL FILE SIZE: 9.84MB (10319085)
SQL FILE TIME: 2021-12-07 10:56:03
SQL RUNTIME: 23.08 sec.

********************************************************************************
ARCHIVE (ZIP):
********************************************************************************
ARCHIVE DIR:  C:/OpenServer2/domains/blackship
ARCHIVE FILE: 20211206_blackshipreality_3acd4417538895654467_20211207105528_archive.zip
FILTERS: *OFF*
DIRS:
	not set
FILES:
	not set
EXTS:  not set
----------------------------------------
COMPRESSING
SIZE:	498.06MB
STATS:	Dirs 941 | Files 10,053
SQL ADDED: 20211206_blackshipreality_3acd4417538895654467_20211207105528_database.sql
ZipArchive Object
(
    [status] => 0
    [statusSys] => 0
    [numFiles] => 10994
    [filename] => C:\OpenServer2\domains\blackship\wp-content\backups-dup-lite\tmp\20211206_blackshipreality_3acd4417538895654467_20211207105528_archive.zip
    [comment] => 
)

FILE ADDED TO ZIP: 10993
COMPRESSION RESULT: '1'
COMPRESSED SIZE: 433.51MB
ARCHIVE RUNTIME: 89.29 sec.
MEMORY STACK: 10MB
building installer
add_extra_files1
add_extra_files2
add_extra_files3
add_extra_files4
Doing archive file check
add_extra_files5
add_extra_files6
add_extra_files8
Successfully opened zip C:/OpenServer2/domains/blackship/wp-content/backups-dup-lite/tmp/20211206_blackshipreality_3acd4417538895654467_20211207105528_archive.zip
Adding enhanced installer files to archive using ZipArchive
Installer files added to archive
Added to archive
After ziparchive close when adding installer

********************************************************************************
INTEGRITY CHECKS:
********************************************************************************
SQL FILE: 9.84MB
INSTALLER FILE: 64.27KB
ARCHIVE FILE: 434.63MB 
EXPECTED FILE/DIRECTORY COUNT: 10,994
ACTUAL FILE/DIRECTORY COUNT: 10,993
ARCHIVE CONSISTENCY TEST: Pass

********************************************************************************
RECORD ID:[3]
TOTAL PROCESS RUNTIME: 115.00 sec.
PEAK PHP MEMORY USED: 12MB
DONE PROCESSING => 20211206_blackshipreality 07.12.2021 10:57

