********************************************************************************
DUPLICATOR-LITE PACKAGE-LOG: 09.12.2021 06:52
NOTICE: Do NOT post to public sites or forums 
********************************************************************************
VERSION:	1.4.3
WORDPRESS:	5.8.2
PHP INFO:	7.3.29 | SAPI: apache2handler
SERVER:		Apache 
PHP TIME LIMIT: (0) no time limit imposed 
PHP MAX MEMORY: 4294967296 (1536M default) 
MEMORY STACK: 6MB

********************************************************************************
DATABASE:
********************************************************************************
BUILD MODE:   MYSQLDUMP
MYSQLTIMEOUT: 5000
MYSQLDUMP:    Is Supported
SQL CREATED: 20211206_blackshipreality_8a83a4e47c7079933921_20211209065135_database.sql
SQL FILE SIZE: 15.65MB (16409812)
SQL FILE TIME: 2021-12-09 06:53:18
SQL RUNTIME: 36.78 sec.

********************************************************************************
ARCHIVE (ZIP):
********************************************************************************
ARCHIVE DIR:  C:/OpenServer2/domains/blackship
ARCHIVE FILE: 20211206_blackshipreality_8a83a4e47c7079933921_20211209065135_archive.zip
FILTERS: *OFF*
DIRS:
	not set
FILES:
	not set
EXTS:  not set
----------------------------------------
COMPRESSING
SIZE:	526.59MB
STATS:	Dirs 941 | Files 10,235
SQL ADDED: 20211206_blackshipreality_8a83a4e47c7079933921_20211209065135_database.sql
ZipArchive Object
(
    [status] => 0
    [statusSys] => 0
    [numFiles] => 11176
    [filename] => C:\OpenServer2\domains\blackship\wp-content\backups-dup-lite\tmp\20211206_blackshipreality_8a83a4e47c7079933921_20211209065135_archive.zip
    [comment] => 
)

FILE ADDED TO ZIP: 11175
COMPRESSION RESULT: '1'
COMPRESSED SIZE: 461.66MB
ARCHIVE RUNTIME: 26.89 sec.
MEMORY STACK: 10MB
building installer
add_extra_files1
add_extra_files2
add_extra_files3
add_extra_files4
Doing archive file check
add_extra_files5
add_extra_files6
add_extra_files8
Successfully opened zip C:/OpenServer2/domains/blackship/wp-content/backups-dup-lite/tmp/20211206_blackshipreality_8a83a4e47c7079933921_20211209065135_archive.zip
Adding enhanced installer files to archive using ZipArchive
Installer files added to archive
Added to archive
After ziparchive close when adding installer

********************************************************************************
INTEGRITY CHECKS:
********************************************************************************
SQL FILE: 15.65MB
INSTALLER FILE: 64.27KB
ARCHIVE FILE: 462.79MB 
EXPECTED FILE/DIRECTORY COUNT: 11,176
ACTUAL FILE/DIRECTORY COUNT: 11,175
ARCHIVE CONSISTENCY TEST: Pass

********************************************************************************
RECORD ID:[7]
TOTAL PROCESS RUNTIME: 66.21 sec.
PEAK PHP MEMORY USED: 12MB
DONE PROCESSING => 20211206_blackshipreality 09.12.2021 06:53

